#
# There is insufficient memory for the Java Runtime Environment to continue.
# Native memory allocation (mmap) failed to map 268435456 bytes. Error detail: G1 virtual space
# Possible reasons:
#   The system is out of physical RAM or swap space
#   This process is running with CompressedOops enabled, and the Java Heap may be blocking the growth of the native heap
# Possible solutions:
#   Reduce memory load on the system
#   Increase physical memory or swap space
#   Check if swap backing store is full
#   Decrease Java heap size (-Xmx/-Xms)
#   Decrease number of Java threads
#   Decrease Java thread stack sizes (-Xss)
#   Set larger code cache with -XX:ReservedCodeCacheSize=
#   JVM is running with Zero Based Compressed Oops mode in which the Java heap is
#     placed in the first 32GB address space. The Java Heap base address is the
#     maximum limit for the native heap growth. Please use -XX:HeapBaseMinAddress
#     to set the Java Heap base and to place the Java Heap above 32GB virtual address.
# This output file may be truncated or incomplete.
#
#  Out of Memory Error (os_windows.cpp:3898), pid=18948, tid=16288
#
# JRE version:  (21.0.6+8) (build )
# Java VM: OpenJDK 64-Bit Server VM (21.0.6+8-b631.39, mixed mode, sharing, tiered, compressed oops, compressed class ptrs, g1 gc, windows-amd64)
# No core dump will be written. Minidumps are not enabled by default on client versions of Windows
#

---------------  S U M M A R Y ------------

Command Line: git4idea.http.GitAskPassApp Username for 'https://github.com': 

Host: AMD Ryzen 5 3500X 6-Core Processor             , 6 cores, 15G,  Windows 10 , 64 bit Build 19041 (10.0.19041.5915)
Time: Sun Nov  2 15:59:16 2025 Hora oficial do Brasil elapsed time: 0.307794 seconds (0d 0h 0m 0s)

---------------  T H R E A D  ---------------

Current thread (0x000001850d43c4b0):  JavaThread "Unknown thread" [_thread_in_vm, id=16288, stack(0x0000003e34300000,0x0000003e34400000) (1024K)]

Stack: [0x0000003e34300000,0x0000003e34400000]
Native frames: (J=compiled Java code, j=interpreted, Vv=VM code, C=native code)
V  [jvm.dll+0x6e5d39]
V  [jvm.dll+0x8c4133]
V  [jvm.dll+0x8c668e]
V  [jvm.dll+0x8c6d73]
V  [jvm.dll+0x288f76]
V  [jvm.dll+0x6e25f5]
V  [jvm.dll+0x6d60aa]
V  [jvm.dll+0x3635bb]
V  [jvm.dll+0x36b186]
V  [jvm.dll+0x3bd4b6]
V  [jvm.dll+0x3bd788]
V  [jvm.dll+0x335d2c]
V  [jvm.dll+0x336a1b]
V  [jvm.dll+0x88b589]
V  [jvm.dll+0x3ca688]
V  [jvm.dll+0x874698]
V  [jvm.dll+0x45f04e]
V  [jvm.dll+0x460d31]
C  [jli.dll+0x52ab]
C  [ucrtbase.dll+0x21bb2]
C  [KERNEL32.DLL+0x17374]
C  [ntdll.dll+0x4cc91]


---------------  P R O C E S S  ---------------

Threads class SMR info:
_java_thread_list=0x00007ffce809a148, length=0, elements={
}

Java Threads: ( => current thread )
Total: 0

Other Threads:
  0x000001850d40b090 WorkerThread "GC Thread#0"                     [id=17608, stack(0x0000003e34400000,0x0000003e34500000) (1024K)]
  0x000001850f7406a0 ConcurrentGCThread "G1 Main Marker"            [id=24660, stack(0x0000003e34500000,0x0000003e34600000) (1024K)]
  0x000001850d40a210 WorkerThread "G1 Conc#0"                       [id=16756, stack(0x0000003e34600000,0x0000003e34700000) (1024K)]

[error occurred during error reporting (printing all threads), id 0xc0000005, EXCEPTION_ACCESS_VIOLATION (0xc0000005) at pc=0x00007ffce7788de7]
VM state: not at safepoint (not fully initialized)

VM Mutex/Monitor currently owned by a thread:  ([mutex/lock_event])
[0x00007ffce810eb30] Heap_lock - owner thread: 0x000001850d43c4b0

Heap address: 0x0000000701000000, size: 4080 MB, Compressed Oops mode: Zero based, Oop shift amount: 3

CDS archive(s) mapped at: [0x0000000000000000-0x0000000000000000-0x0000000000000000), size 0, SharedBaseAddress: 0x0000000800000000, ArchiveRelocationMode: 1.
Narrow klass base: 0x0000000000000000, Narrow klass shift: 0, Narrow klass range: 0x0

GC Precious Log:
 CardTable entry size: 512
 Card Set container configuration: InlinePtr #cards 4 size 8 Array Of Cards #cards 16 size 48 Howl #buckets 8 coarsen threshold 3686 Howl Bitmap #cards 512 size 80 coarsen threshold 460 Card regions per heap region 1 cards per card region 4096

Heap:
 garbage-first heap   total 0K, used 0K [0x0000000701000000, 0x0000000800000000)
  region size 2048K, 0 young (0K), 0 survivors (0K)
 Metaspace       used 0K, committed 0K, reserved 0K
  class space    used 0K, committed 0K, reserved 0K

Heap Regions: E=young(eden), S=young(survivor), O=old, HS=humongous(starts), HC=humongous(continues), CS=collection set, F=free, TAMS=top-at-mark-start, PB=parsable bottom

Card table byte_map: [0x0000018522f70000,0x0000018523770000] _byte_map_base: 0x000001851f768000

Marking Bits: (CMBitMap*) 0x000001850f72fd10
 Bits: [0x0000018523770000, 0x0000018527730000)

GC Heap History (0 events):
No events

Dll operation events (1 events):
Event: 0.045 Loaded shared library C:\Program Files\JetBrains\IntelliJ IDEA 2024.3.3\jbr\bin\java.dll

Deoptimization events (0 events):
No events

Classes loaded (0 events):
No events

Classes unloaded (0 events):
No events

Classes redefined (0 events):
No events

Internal exceptions (0 events):
No events

ZGC Phase Switch (0 events):
No events

VM Operations (0 events):
No events

Memory protections (0 events):
No events

Nmethod flushes (0 events):
No events

Events (0 events):
No events


Dynamic libraries:
0x00007ff69bf00000 - 0x00007ff69bf0a000 	C:\Program Files\JetBrains\IntelliJ IDEA 2024.3.3\jbr\bin\java.exe
0x00007ffd6e4b0000 - 0x00007ffd6e6a8000 	C:\Windows\SYSTEM32\ntdll.dll
0x00007ffd6e3a0000 - 0x00007ffd6e462000 	C:\Windows\System32\KERNEL32.DLL
0x00007ffd6bc40000 - 0x00007ffd6bf36000 	C:\Windows\System32\KERNELBASE.dll
0x00007ffd6bb40000 - 0x00007ffd6bc40000 	C:\Windows\System32\ucrtbase.dll
0x00007ffd64410000 - 0x00007ffd6442b000 	C:\Program Files\JetBrains\IntelliJ IDEA 2024.3.3\jbr\bin\VCRUNTIME140.dll
0x00007ffd41370000 - 0x00007ffd41388000 	C:\Program Files\JetBrains\IntelliJ IDEA 2024.3.3\jbr\bin\jli.dll
0x00007ffd6dd00000 - 0x00007ffd6dea1000 	C:\Windows\System32\USER32.dll
0x00007ffd6c140000 - 0x00007ffd6c162000 	C:\Windows\System32\win32u.dll
0x00007ffd5b360000 - 0x00007ffd5b5fb000 	C:\Windows\WinSxS\amd64_microsoft.windows.common-controls_6595b64144ccf1df_6.0.19041.6456_none_60b8a6cb71f64256\COMCTL32.dll
0x00007ffd6e2f0000 - 0x00007ffd6e31b000 	C:\Windows\System32\GDI32.dll
0x00007ffd6d710000 - 0x00007ffd6d7ae000 	C:\Windows\System32\msvcrt.dll
0x00007ffd6bf40000 - 0x00007ffd6c059000 	C:\Windows\System32\gdi32full.dll
0x00007ffd6c170000 - 0x00007ffd6c20d000 	C:\Windows\System32\msvcp_win.dll
0x00007ffd6dff0000 - 0x00007ffd6e01f000 	C:\Windows\System32\IMM32.DLL
0x00007ffd66550000 - 0x00007ffd6655c000 	C:\Program Files\JetBrains\IntelliJ IDEA 2024.3.3\jbr\bin\vcruntime140_1.dll
0x00007ffd10d30000 - 0x00007ffd10dbd000 	C:\Program Files\JetBrains\IntelliJ IDEA 2024.3.3\jbr\bin\msvcp140.dll
0x00007ffce7440000 - 0x00007ffce8201000 	C:\Program Files\JetBrains\IntelliJ IDEA 2024.3.3\jbr\bin\server\jvm.dll
0x00007ffd6deb0000 - 0x00007ffd6df61000 	C:\Windows\System32\ADVAPI32.dll
0x00007ffd6ce30000 - 0x00007ffd6cecf000 	C:\Windows\System32\sechost.dll
0x00007ffd6e150000 - 0x00007ffd6e270000 	C:\Windows\System32\RPCRT4.dll
0x00007ffd6c4a0000 - 0x00007ffd6c4c7000 	C:\Windows\System32\bcrypt.dll
0x00007ffd6df80000 - 0x00007ffd6dfeb000 	C:\Windows\System32\WS2_32.dll
0x00007ffd6b1f0000 - 0x00007ffd6b23b000 	C:\Windows\SYSTEM32\POWRPROF.dll
0x00007ffd5e6d0000 - 0x00007ffd5e6f7000 	C:\Windows\SYSTEM32\WINMM.dll
0x00007ffd61d40000 - 0x00007ffd61d4a000 	C:\Windows\SYSTEM32\VERSION.dll
0x00007ffd6b1b0000 - 0x00007ffd6b1c2000 	C:\Windows\SYSTEM32\UMPDC.dll
0x00007ffd699d0000 - 0x00007ffd699e2000 	C:\Windows\SYSTEM32\kernel.appcore.dll
0x00007ffd65550000 - 0x00007ffd6555a000 	C:\Program Files\JetBrains\IntelliJ IDEA 2024.3.3\jbr\bin\jimage.dll
0x00007ffd61040000 - 0x00007ffd61241000 	C:\Windows\SYSTEM32\DBGHELP.DLL
0x00007ffd60d10000 - 0x00007ffd60d44000 	C:\Windows\SYSTEM32\dbgcore.DLL
0x00007ffd6c0b0000 - 0x00007ffd6c132000 	C:\Windows\System32\bcryptPrimitives.dll
0x00007ffd54340000 - 0x00007ffd54360000 	C:\Program Files\JetBrains\IntelliJ IDEA 2024.3.3\jbr\bin\java.dll

dbghelp: loaded successfully - version: 4.0.5 - missing functions: none
symbol engine: initialized successfully - sym options: 0x614 - pdb path: .;C:\Program Files\JetBrains\IntelliJ IDEA 2024.3.3\jbr\bin;C:\Windows\SYSTEM32;C:\Windows\WinSxS\amd64_microsoft.windows.common-controls_6595b64144ccf1df_6.0.19041.6456_none_60b8a6cb71f64256;C:\Program Files\JetBrains\IntelliJ IDEA 2024.3.3\jbr\bin\server

VM Arguments:
java_command: git4idea.http.GitAskPassApp Username for 'https://github.com': 
java_class_path (initial): C:/Program Files/JetBrains/IntelliJ IDEA 2024.3.3/plugins/vcs-git/lib/git4idea-rt.jar;C:/Program Files/JetBrains/IntelliJ IDEA 2024.3.3/lib/externalProcess-rt.jar
Launcher Type: SUN_STANDARD

[Global flags]
     intx CICompilerCount                          = 3                                         {product} {ergonomic}
     uint ConcGCThreads                            = 2                                         {product} {ergonomic}
     uint G1ConcRefinementThreads                  = 6                                         {product} {ergonomic}
   size_t G1HeapRegionSize                         = 2097152                                   {product} {ergonomic}
    uintx GCDrainStackTargetSize                   = 64                                        {product} {ergonomic}
   size_t InitialHeapSize                          = 268435456                                 {product} {ergonomic}
   size_t MarkStackSize                            = 4194304                                   {product} {ergonomic}
   size_t MaxHeapSize                              = 4278190080                                {product} {ergonomic}
   size_t MinHeapDeltaBytes                        = 2097152                                   {product} {ergonomic}
   size_t MinHeapSize                              = 8388608                                   {product} {ergonomic}
    uintx NonNMethodCodeHeapSize                   = 5832780                                {pd product} {ergonomic}
    uintx NonProfiledCodeHeapSize                  = 122912730                              {pd product} {ergonomic}
    uintx ProfiledCodeHeapSize                     = 122912730                              {pd product} {ergonomic}
    uintx ReservedCodeCacheSize                    = 251658240                              {pd product} {ergonomic}
     bool SegmentedCodeCache                       = true                                      {product} {ergonomic}
   size_t SoftMaxHeapSize                          = 4278190080                             {manageable} {ergonomic}
     bool UseCompressedOops                        = true                           {product lp64_product} {ergonomic}
     bool UseG1GC                                  = true                                      {product} {ergonomic}
     bool UseLargePagesIndividualAllocation        = false                                  {pd product} {ergonomic}

Logging:
Log output configuration:
 #0: stdout all=warning uptime,level,tags foldmultilines=false
 #1: stderr all=off uptime,level,tags foldmultilines=false

Environment Variables:
PATH=C:\Program Files\Git\mingw64\libexec\git-core;C:\Program Files\Git\mingw64\libexec\git-core;C:\Program Files\Git\mingw64\bin;C:\Program Files\Git\usr\bin;C:\Users\paiol\bin;C:\Program Files\Common Files\Oracle\Java\javapath;C:\Program Files (x86)\Common Files\Oracle\Java\javapath;C:\Windows\system32;C:\Windows;C:\Windows\System32\Wbem;C:\Windows\System32\WindowsPowerShell\v1.0;C:\Windows\System32\OpenSSH;C:\Program Files (x86)\NVIDIA Corporation\PhysX\Common;C:\Program Files\dotnet;C:\Program Files\NVIDIA Corporation\NVIDIA app\NvDLISR;C:\xampp\php;C:\ProgramData\ComposerSetup\bin;C:\Program Files\nodejs;C:\ProgramData\chocolatey\bin;C:\Program Files\Git\cmd;C:\Users\paiol\AppData\Local\Programs\Python\Launcher;C:\Users\paiol\AppData\Local\Microsoft\WindowsApps;C:\Users\paiol\AppData\Local\Programs\Microsoft VS Code\bin;C:\Users\paiol\.dotnet\tools;C:\Users\paiol\AppData\Roaming\Composer\vendor\bin;C:\Users\paiol\AppData\Local\Programs\mongosh;C:\Users\paiol\AppData\Roaming\npm;E:\Maven\apache-maven-3.9.11\bin
USERNAME=paiol
DISPLAY=:0.0
LC_ALL=en_US.UTF-8
TERM=xterm-256color
TMPDIR=C:\Users\paiol\AppData\Local\Temp
OS=Windows_NT
PROCESSOR_IDENTIFIER=AMD64 Family 23 Model 113 Stepping 0, AuthenticAMD
TMP=C:\Users\paiol\AppData\Local\Temp
TEMP=C:\Users\paiol\AppData\Local\Temp




Periodic native trim disabled

JNI global refs:
JNI global refs: 0, weak refs: 0

JNI global refs memory usage: 0, weak refs: 0

Process memory usage:
Resident Set Size: 10928K (0% of 16709888K total physical memory with 3370296K free physical memory)

OOME stack traces (most recent first):
Classloader memory used:

---------------  S Y S T E M  ---------------

OS:
 Windows 10 , 64 bit Build 19041 (10.0.19041.5915)
OS uptime: 8 days 12:46 hours

CPU: total 6 (initial active 6) (6 cores per cpu, 1 threads per core) family 23 model 113 stepping 0 microcode 0x0, cx8, cmov, fxsr, mmx, 3dnowpref, sse, sse2, sse3, ssse3, sse4a, sse4.1, sse4.2, popcnt, lzcnt, tsc, tscinvbit, avx, avx2, aes, clmul, bmi1, bmi2, adx, sha, fma, vzeroupper, clflush, clflushopt, rdtscp, rdpid, f16c
Processor Information for the first 6 processors :
  Max Mhz: 3593, Current Mhz: 3593, Mhz Limit: 3593

Memory: 4k page, system-wide physical 16318M (3291M free)
TotalPageFile size 18364M (AvailPageFile size 77M)
current process WorkingSet (physical memory assigned to process): 10M, peak: 10M
current process commit charge ("private bytes"): 56M, peak: 312M

vm_info: OpenJDK 64-Bit Server VM (21.0.6+8-b631.39) for windows-amd64 JRE (21.0.6+8-b631.39), built on 2025-02-04 by "builduser" with MS VC++ 16.10 / 16.11 (VS2019)

END.
